app/build/intermediates/manifest_merge_blame_file/debug/manifest-merger-blame-debug-report.txt
1<?xml version="1.0" encoding="utf-8"?>
2<manifest xmlns:android="http://schemas.android.com/apk/res/android"
3    package="com.eziong.lottery"
4    android:versionCode="1"
5    android:versionName="1.0" >
6
7    <uses-sdk
8        android:minSdkVersion="24"
8-->src/main/AndroidManifest.xml
9        android:targetSdkVersion="30" />
9-->src/main/AndroidManifest.xml
10
11    <uses-permission android:name="android.permission.INTERNET" />
11-->src/main/AndroidManifest.xml:5:5-66
11-->src/main/AndroidManifest.xml:5:22-64
12    <uses-permission android:name="android.permission.CAMERA" /> <!-- Don't require camera, as this requires a rear camera. This allows it to work on the Nexus 7 -->
12-->[com.journeyapps:zxing-android-embedded:4.1.0] AndroidManifest.xml:22:5-65
12-->[com.journeyapps:zxing-android-embedded:4.1.0] AndroidManifest.xml:22:22-62
13    <uses-feature
13-->[com.journeyapps:zxing-android-embedded:4.1.0] AndroidManifest.xml:25:5-27:36
14        android:name="android.hardware.camera"
14-->[com.journeyapps:zxing-android-embedded:4.1.0] AndroidManifest.xml:26:9-47
15        android:required="false" />
15-->[com.journeyapps:zxing-android-embedded:4.1.0] AndroidManifest.xml:27:9-33
16    <uses-feature
16-->[com.journeyapps:zxing-android-embedded:4.1.0] AndroidManifest.xml:28:5-30:36
17        android:name="android.hardware.camera.front"
17-->[com.journeyapps:zxing-android-embedded:4.1.0] AndroidManifest.xml:29:9-53
18        android:required="false" /> <!-- TODO replace above two with next line after Android 4.2 -->
18-->[com.journeyapps:zxing-android-embedded:4.1.0] AndroidManifest.xml:30:9-33
19    <!-- <uses-feature android:name="android.hardware.camera.any"/> -->
20    <uses-feature
20-->[com.journeyapps:zxing-android-embedded:4.1.0] AndroidManifest.xml:33:5-35:36
21        android:name="android.hardware.camera.autofocus"
21-->[com.journeyapps:zxing-android-embedded:4.1.0] AndroidManifest.xml:34:9-57
22        android:required="false" />
22-->[com.journeyapps:zxing-android-embedded:4.1.0] AndroidManifest.xml:35:9-33
23    <uses-feature
23-->[com.journeyapps:zxing-android-embedded:4.1.0] AndroidManifest.xml:36:5-38:36
24        android:name="android.hardware.camera.flash"
24-->[com.journeyapps:zxing-android-embedded:4.1.0] AndroidManifest.xml:37:9-53
25        android:required="false" />
25-->[com.journeyapps:zxing-android-embedded:4.1.0] AndroidManifest.xml:38:9-33
26    <uses-feature
26-->[com.journeyapps:zxing-android-embedded:4.1.0] AndroidManifest.xml:39:5-41:36
27        android:name="android.hardware.screen.landscape"
27-->[com.journeyapps:zxing-android-embedded:4.1.0] AndroidManifest.xml:40:9-57
28        android:required="false" />
28-->[com.journeyapps:zxing-android-embedded:4.1.0] AndroidManifest.xml:41:9-33
29    <uses-feature
29-->[com.journeyapps:zxing-android-embedded:4.1.0] AndroidManifest.xml:42:5-44:36
30        android:name="android.hardware.wifi"
30-->[com.journeyapps:zxing-android-embedded:4.1.0] AndroidManifest.xml:43:9-45
31        android:required="false" />
31-->[com.journeyapps:zxing-android-embedded:4.1.0] AndroidManifest.xml:44:9-33
32
33    <application
33-->src/main/AndroidManifest.xml:7:5-31:19
34        android:allowBackup="true"
34-->src/main/AndroidManifest.xml:8:9-35
35        android:appComponentFactory="androidx.core.app.CoreComponentFactory"
35-->[androidx.core:core:1.3.2] AndroidManifest.xml:24:18-86
36        android:debuggable="true"
37        android:extractNativeLibs="false"
38        android:hardwareAccelerated="true"
38-->src/main/AndroidManifest.xml:13:9-43
39        android:icon="@mipmap/ic_launcher"
39-->src/main/AndroidManifest.xml:9:9-43
40        android:label="@string/app_name"
40-->src/main/AndroidManifest.xml:10:9-41
41        android:roundIcon="@mipmap/ic_launcher_round"
41-->src/main/AndroidManifest.xml:11:9-54
42        android:supportsRtl="true"
42-->src/main/AndroidManifest.xml:12:9-35
43        android:testOnly="true"
44        android:theme="@style/Theme.Lottery"
44-->src/main/AndroidManifest.xml:14:9-45
45        android:usesCleartextTraffic="true" >
45-->src/main/AndroidManifest.xml:15:9-44
46>
47        <activity
47-->src/main/AndroidManifest.xml:16:9-22:20
48            android:name="com.eziong.lottery.SplashActivity"
48-->src/main/AndroidManifest.xml:16:19-49
49            android:theme="@style/Theme.Design.Light.NoActionBar" >
49-->src/main/AndroidManifest.xml:16:50-103
50            <intent-filter>
50-->src/main/AndroidManifest.xml:17:13-21:29
51                <action android:name="android.intent.action.MAIN" />
51-->src/main/AndroidManifest.xml:18:17-69
51-->src/main/AndroidManifest.xml:18:25-66
52
53                <category android:name="android.intent.category.LAUNCHER" />
53-->src/main/AndroidManifest.xml:20:17-77
53-->src/main/AndroidManifest.xml:20:27-74
54            </intent-filter>
55        </activity>
56        <activity
56-->src/main/AndroidManifest.xml:23:9-25:20
57            android:name="com.eziong.lottery.MainActivity"
57-->src/main/AndroidManifest.xml:23:19-47
58            android:theme="@style/Theme.Design.Light.NoActionBar" >
58-->src/main/AndroidManifest.xml:23:48-101
59        </activity>
60        <activity
60-->src/main/AndroidManifest.xml:26:9-116
61            android:name="com.eziong.lottery.RecordsActivity"
61-->src/main/AndroidManifest.xml:26:19-50
62            android:theme="@style/Theme.Design.Light.NoActionBar" />
62-->src/main/AndroidManifest.xml:26:51-104
63        <activity
63-->src/main/AndroidManifest.xml:27:9-30:49
64            android:name="com.journeyapps.barcodescanner.CaptureActivity"
64-->src/main/AndroidManifest.xml:28:13-74
65            android:clearTaskOnLaunch="true"
65-->[com.journeyapps:zxing-android-embedded:4.1.0] AndroidManifest.xml:49:13-45
66            android:screenOrientation="portrait"
66-->src/main/AndroidManifest.xml:29:13-49
67            android:stateNotNeeded="true"
67-->[com.journeyapps:zxing-android-embedded:4.1.0] AndroidManifest.xml:51:13-42
68            android:theme="@style/zxing_CaptureTheme"
68-->[com.journeyapps:zxing-android-embedded:4.1.0] AndroidManifest.xml:52:13-54
69            android:windowSoftInputMode="stateAlwaysHidden" />
69-->[com.journeyapps:zxing-android-embedded:4.1.0] AndroidManifest.xml:53:13-60
70    </application>
71
72</manifest>